TN:
SF:vitest.config.ts
FN:1,(empty-report)
FNF:1
FNH:0
FNDA:0,(empty-report)
DA:1,0
DA:3,0
DA:4,0
DA:5,0
DA:6,0
DA:7,0
DA:8,0
DA:9,0
DA:10,0
DA:11,0
DA:12,0
LF:11
LH:0
BRDA:1,0,0,0
BRF:1
BRH:0
end_of_record
TN:
SF:src/infrastructure/db.js
FNF:0
FNH:0
DA:1,1
DA:3,1
LF:2
LH:2
BRF:0
BRH:0
end_of_record
TN:
SF:src/modules/authentication/user/user.repository.js
FN:3,createUserInRepository
FNF:1
FNH:0
FNDA:0,createUserInRepository
DA:1,1
DA:3,1
DA:4,0
DA:5,0
DA:6,0
DA:7,0
DA:8,0
DA:10,0
DA:11,0
LF:9
LH:2
BRF:0
BRH:0
end_of_record
TN:
SF:src/modules/authentication/user/user.service.js
FN:13,createUser
FNF:1
FNH:1
FNDA:3,createUser
DA:1,1
DA:2,1
DA:3,1
DA:4,1
DA:6,1
DA:8,1
DA:9,1
DA:10,1
DA:11,1
DA:13,1
DA:14,3
DA:16,3
DA:17,2
DA:19,2
DA:20,1
DA:21,1
DA:22,1
DA:23,3
DA:24,1
DA:25,1
DA:26,3
LF:21
LH:21
BRDA:13,0,0,3
BRDA:16,1,0,2
BRDA:19,2,0,1
BRDA:23,3,0,1
BRF:4
BRH:4
end_of_record
TN:
SF:src/modules/banking/account/account.repository.js
FN:1,createAccountInRepository
FN:11,getAccountsInRepository
FN:18,deleteAccountInRepository
FNF:3
FNH:0
FNDA:0,createAccountInRepository
FNDA:0,getAccountsInRepository
FNDA:0,deleteAccountInRepository
DA:1,1
DA:2,0
DA:3,0
DA:4,0
DA:5,0
DA:6,0
DA:8,0
DA:9,0
DA:11,1
DA:12,0
DA:13,0
DA:14,0
DA:15,0
DA:16,0
DA:18,1
DA:19,0
DA:20,0
DA:21,0
DA:22,0
DA:23,0
LF:20
LH:3
BRF:0
BRH:0
end_of_record
TN:
SF:src/modules/banking/account/account.service.js
FN:15,createAccount
FN:24,getAccounts
FN:32,deleteAccount
FNF:3
FNH:3
FNDA:7,createAccount
FNDA:2,getAccounts
FNDA:2,deleteAccount
DA:1,1
DA:6,1
DA:7,1
DA:8,1
DA:9,1
DA:10,1
DA:11,1
DA:12,1
DA:13,1
DA:15,1
DA:16,7
DA:17,7
DA:18,6
DA:19,7
DA:20,1
DA:21,1
DA:22,7
DA:24,1
DA:25,2
DA:26,2
DA:27,2
DA:28,0
DA:29,0
DA:30,2
DA:32,1
DA:33,2
DA:34,2
DA:35,2
DA:36,0
DA:37,0
DA:38,2
LF:31
LH:27
BRDA:15,0,0,7
BRDA:17,1,0,6
BRDA:19,2,0,1
BRDA:24,3,0,2
BRDA:27,4,0,0
BRDA:32,5,0,2
BRDA:35,6,0,0
BRF:7
BRH:5
end_of_record
TN:
SF:src/modules/banking/transfer/transfer.repository.js
FN:1,(empty-report)
FNF:1
FNH:0
FNDA:0,(empty-report)
DA:1,0
DA:3,0
DA:4,0
DA:5,0
DA:6,0
DA:7,0
DA:8,0
DA:9,0
DA:10,0
DA:11,0
DA:12,0
DA:13,0
DA:14,0
DA:16,0
DA:17,0
DA:18,0
DA:20,0
DA:21,0
DA:22,0
DA:24,0
DA:25,0
DA:26,0
DA:27,0
DA:29,0
DA:30,0
DA:31,0
DA:32,0
DA:34,0
DA:35,0
DA:36,0
DA:37,0
DA:38,0
DA:40,0
DA:41,0
DA:42,0
DA:44,0
DA:45,0
DA:46,0
DA:47,0
DA:48,0
DA:49,0
DA:50,0
DA:51,0
DA:52,0
DA:53,0
LF:45
LH:0
BRDA:1,0,0,0
BRF:1
BRH:0
end_of_record
TN:
SF:src/modules/banking/transfer/transfer.service.js
FN:14,createTransfer
FN:24,getTransfers
FNF:2
FNH:2
FNDA:4,createTransfer
FNDA:2,getTransfers
DA:1,1
DA:5,1
DA:6,1
DA:8,1
DA:9,1
DA:10,1
DA:11,1
DA:12,1
DA:14,1
DA:15,4
DA:16,4
DA:17,4
DA:18,4
DA:19,3
DA:20,3
DA:21,3
DA:22,4
DA:24,1
DA:25,2
DA:26,0
DA:27,0
DA:28,2
DA:29,2
LF:23
LH:21
BRDA:14,0,0,4
BRDA:18,1,0,3
BRDA:24,2,0,2
BRDA:25,3,0,0
BRF:4
BRH:3
end_of_record
TN:
SF:src/modules/interoperability/Export/export.repository.js
FN:1,(empty-report)
FNF:1
FNH:0
FNDA:0,(empty-report)
DA:1,0
LF:1
LH:0
BRDA:1,0,0,0
BRF:1
BRH:0
end_of_record
TN:
SF:src/modules/interoperability/Export/export.service.js
FN:1,(empty-report)
FNF:1
FNH:0
FNDA:0,(empty-report)
DA:1,0
DA:2,0
DA:3,0
DA:4,0
LF:4
LH:0
BRDA:1,0,0,0
BRF:1
BRH:0
end_of_record
TN:
SF:src/shared/utils.js
FN:1,calculateAge
FNF:1
FNH:1
FNDA:2,calculateAge
DA:1,1
DA:2,2
DA:3,2
DA:4,2
DA:5,2
DA:6,2
LF:6
LH:6
BRDA:1,0,0,2
BRF:1
BRH:1
end_of_record
